mode: set
final-golang-project/services/auth_service.go:22.95,27.2 1 1
final-golang-project/services/auth_service.go:29.76,31.16 2 1
final-golang-project/services/auth_service.go:31.16,33.3 1 0
final-golang-project/services/auth_service.go:35.2,46.16 4 1
final-golang-project/services/auth_service.go:46.16,48.3 1 1
final-golang-project/services/auth_service.go:50.2,50.25 1 1
final-golang-project/services/auth_service.go:50.25,52.3 1 1
final-golang-project/services/auth_service.go:54.2,54.48 1 1
final-golang-project/services/auth_service.go:54.48,56.3 1 0
final-golang-project/services/auth_service.go:59.2,61.12 2 1
final-golang-project/services/auth_service.go:64.75,66.31 2 1
final-golang-project/services/auth_service.go:66.31,68.3 1 1
final-golang-project/services/auth_service.go:71.2,72.16 2 1
final-golang-project/services/auth_service.go:72.16,74.3 1 1
final-golang-project/services/auth_service.go:76.2,76.18 1 1
final-golang-project/services/auth_service.go:79.74,81.2 1 1
