mode: set
final-golang-project/services/auth_service.go:22.95,27.2 1 1
final-golang-project/services/auth_service.go:29.76,31.16 2 1
final-golang-project/services/auth_service.go:31.16,33.3 1 0
final-golang-project/services/auth_service.go:35.2,51.16 5 1
final-golang-project/services/auth_service.go:51.16,53.3 1 1
final-golang-project/services/auth_service.go:55.2,55.25 1 1
final-golang-project/services/auth_service.go:55.25,57.3 1 1
final-golang-project/services/auth_service.go:59.2,59.48 1 1
final-golang-project/services/auth_service.go:59.48,61.3 1 0
final-golang-project/services/auth_service.go:64.2,66.12 2 1
final-golang-project/services/auth_service.go:69.75,71.31 2 1
final-golang-project/services/auth_service.go:71.31,73.3 1 1
final-golang-project/services/auth_service.go:77.2,78.18 2 1
final-golang-project/services/auth_service.go:78.18,80.3 1 1
final-golang-project/services/auth_service.go:82.2,82.18 1 1
final-golang-project/services/auth_service.go:85.74,87.2 1 1
